<?xml version="1.0" encoding="UTF-8"?>
<!-- Generated by org.testng.reporters.JUnitXMLReporter -->
<testsuite ignored="0" hostname="DESKTOP-U92U93D" failures="0" tests="7" name="Default test" time="42.788" errors="0" timestamp="2024-03-10T12:49:52 IST">
  <testcase classname="testcases.OpenNewAccount" name="createAccount" time="2.188"/>
  <testcase classname="testcases.Homepage" name="homePageTest" time="0.645"/>
  <testcase classname="testcases.CustomerSearch" name="verifySearch" time="1.546"/>
  <testcase classname="testcases.Login" name="verifyLogin" time="1.866"/>
  <testcase classname="testcases.Deposit" name="DepositMoney" time="2.484"/>
  <testcase classname="testcases.Withdrwal" name="DepositMoney" time="2.46"/>
  <testcase classname="testcases.AddNewCustomer" name="verifyManagerLogin" time="2.484"/>
</testsuite> <!-- Default test -->
