<?xml version="1.0" encoding="UTF-8"?>
<testng-results ignored="0" total="7" passed="7" failed="0" skipped="0">
  <reporter-output>
  </reporter-output>
  <suite started-at="2024-03-10T12:49:09 IST" name="Default suite" finished-at="2024-03-10T12:49:52 IST" duration-ms="42788">
    <groups>
    </groups>
    <test started-at="2024-03-10T12:49:09 IST" name="Default test" finished-at="2024-03-10T12:49:52 IST" duration-ms="42788">
      <class name="testcases.Homepage">
        <test-method is-config="true" signature="setup()[pri:0, instance:testcases.Homepage@3b0fe47a]" started-at="2024-03-10T12:49:23 IST" name="setup" finished-at="2024-03-10T12:49:25 IST" duration-ms="2127" status="PASS">
          <reporter-output>
          </reporter-output>
        </test-method> <!-- setup -->
        <test-method signature="homePageTest()[pri:1, instance:testcases.Homepage@3b0fe47a]" started-at="2024-03-10T12:49:25 IST" name="homePageTest" finished-at="2024-03-10T12:49:26 IST" duration-ms="645" status="PASS">
          <reporter-output>
          </reporter-output>
        </test-method> <!-- homePageTest -->
      </class> <!-- testcases.Homepage -->
      <class name="testcases.OpenNewAccount">
        <test-method is-config="true" signature="setup()[pri:0, instance:testcases.OpenNewAccount@60099951]" started-at="2024-03-10T12:49:09 IST" name="setup" finished-at="2024-03-10T12:49:21 IST" duration-ms="11241" status="PASS">
          <reporter-output>
          </reporter-output>
        </test-method> <!-- setup -->
        <test-method signature="createAccount()[pri:3, instance:testcases.OpenNewAccount@60099951]" started-at="2024-03-10T12:49:21 IST" name="createAccount" finished-at="2024-03-10T12:49:23 IST" duration-ms="2188" status="PASS">
          <reporter-output>
          </reporter-output>
        </test-method> <!-- createAccount -->
      </class> <!-- testcases.OpenNewAccount -->
      <class name="testcases.CustomerSearch">
        <test-method is-config="true" signature="setup()[pri:0, instance:testcases.CustomerSearch@202b0582]" started-at="2024-03-10T12:49:26 IST" name="setup" finished-at="2024-03-10T12:49:30 IST" duration-ms="4398" status="PASS">
          <reporter-output>
          </reporter-output>
        </test-method> <!-- setup -->
        <test-method signature="verifySearch()[pri:0, instance:testcases.CustomerSearch@202b0582]" started-at="2024-03-10T12:49:30 IST" name="verifySearch" finished-at="2024-03-10T12:49:32 IST" duration-ms="1546" status="PASS">
          <reporter-output>
          </reporter-output>
        </test-method> <!-- verifySearch -->
      </class> <!-- testcases.CustomerSearch -->
      <class name="testcases.Login">
        <test-method is-config="true" signature="setup()[pri:0, instance:testcases.Login@235ecd9f]" started-at="2024-03-10T12:49:32 IST" name="setup" finished-at="2024-03-10T12:49:34 IST" duration-ms="2101" status="PASS">
          <reporter-output>
          </reporter-output>
        </test-method> <!-- setup -->
        <test-method signature="verifyLogin()[pri:0, instance:testcases.Login@235ecd9f]" started-at="2024-03-10T12:49:34 IST" name="verifyLogin" finished-at="2024-03-10T12:49:36 IST" duration-ms="1866" status="PASS">
          <reporter-output>
          </reporter-output>
        </test-method> <!-- verifyLogin -->
      </class> <!-- testcases.Login -->
      <class name="testcases.Deposit">
        <test-method is-config="true" signature="setup()[pri:0, instance:testcases.Deposit@1ca3b418]" started-at="2024-03-10T12:49:36 IST" name="setup" finished-at="2024-03-10T12:49:39 IST" duration-ms="3076" status="PASS">
          <reporter-output>
          </reporter-output>
        </test-method> <!-- setup -->
        <test-method signature="DepositMoney()[pri:0, instance:testcases.Deposit@1ca3b418]" started-at="2024-03-10T12:49:39 IST" name="DepositMoney" finished-at="2024-03-10T12:49:41 IST" duration-ms="2484" status="PASS">
          <reporter-output>
          </reporter-output>
        </test-method> <!-- DepositMoney -->
      </class> <!-- testcases.Deposit -->
      <class name="testcases.Withdrwal">
        <test-method is-config="true" signature="setup()[pri:0, instance:testcases.Withdrwal@58cbafc2]" started-at="2024-03-10T12:49:41 IST" name="setup" finished-at="2024-03-10T12:49:44 IST" duration-ms="2500" status="PASS">
          <reporter-output>
          </reporter-output>
        </test-method> <!-- setup -->
        <test-method signature="DepositMoney()[pri:0, instance:testcases.Withdrwal@58cbafc2]" started-at="2024-03-10T12:49:44 IST" name="DepositMoney" finished-at="2024-03-10T12:49:46 IST" duration-ms="2460" status="PASS">
          <reporter-output>
          </reporter-output>
        </test-method> <!-- DepositMoney -->
      </class> <!-- testcases.Withdrwal -->
      <class name="testcases.AddNewCustomer">
        <test-method is-config="true" signature="setup()[pri:0, instance:testcases.AddNewCustomer@2034b64c]" started-at="2024-03-10T12:49:46 IST" name="setup" finished-at="2024-03-10T12:49:50 IST" duration-ms="3598" status="PASS">
          <reporter-output>
          </reporter-output>
        </test-method> <!-- setup -->
        <test-method signature="verifyManagerLogin()[pri:0, instance:testcases.AddNewCustomer@2034b64c]" started-at="2024-03-10T12:49:50 IST" name="verifyManagerLogin" finished-at="2024-03-10T12:49:52 IST" duration-ms="2484" status="PASS">
          <reporter-output>
          </reporter-output>
        </test-method> <!-- verifyManagerLogin -->
      </class> <!-- testcases.AddNewCustomer -->
    </test> <!-- Default test -->
  </suite> <!-- Default suite -->
</testng-results>
